<?xml version="1.0" encoding="utf-8"?><testsuites name="pytest tests"><testsuite name="pytest" errors="0" failures="0" skipped="0" tests="31" time="12.741" timestamp="2026-02-20T14:17:44.321724+00:00" hostname="agent-env-762c8855-81ca-40a0-9895-fdbc212ac671"><testcase classname="backend.tests.test_admin_api.TestHealthCheck" name="test_api_health" time="0.548" /><testcase classname="backend.tests.test_admin_api.TestHealthCheck" name="test_api_root" time="0.462" /><testcase classname="backend.tests.test_admin_api.TestAuthentication" name="test_login_success" time="0.580" /><testcase classname="backend.tests.test_admin_api.TestAuthentication" name="test_login_wrong_email" time="0.358" /><testcase classname="backend.tests.test_admin_api.TestAuthentication" name="test_login_wrong_password" time="0.580" /><testcase classname="backend.tests.test_admin_api.TestAuthentication" name="test_verify_token" time="0.955" /><testcase classname="backend.tests.test_admin_api.TestAuthentication" name="test_get_me" time="0.359" /><testcase classname="backend.tests.test_admin_api.TestAuthentication" name="test_auth_required_without_token" time="0.437" /><testcase classname="backend.tests.test_admin_api.TestProductsCRUD" name="test_get_all_products" time="0.364" /><testcase classname="backend.tests.test_admin_api.TestProductsCRUD" name="test_create_product" time="0.364" /><testcase classname="backend.tests.test_admin_api.TestProductsCRUD" name="test_get_product_by_id" time="0.359" /><testcase classname="backend.tests.test_admin_api.TestProductsCRUD" name="test_update_product" time="0.369" /><testcase classname="backend.tests.test_admin_api.TestProductsCRUD" name="test_verify_product_update_persisted" time="0.357" /><testcase classname="backend.tests.test_admin_api.TestProductsCRUD" name="test_delete_product" time="0.353" /><testcase classname="backend.tests.test_admin_api.TestProductsCRUD" name="test_verify_product_deleted" time="0.357" /><testcase classname="backend.tests.test_admin_api.TestServicesCRUD" name="test_get_all_services" time="0.359" /><testcase classname="backend.tests.test_admin_api.TestServicesCRUD" name="test_create_service" time="0.365" /><testcase classname="backend.tests.test_admin_api.TestServicesCRUD" name="test_update_service" time="0.357" /><testcase classname="backend.tests.test_admin_api.TestServicesCRUD" name="test_delete_service" time="0.352" /><testcase classname="backend.tests.test_admin_api.TestBlogCRUD" name="test_get_all_blog_posts" time="0.358" /><testcase classname="backend.tests.test_admin_api.TestBlogCRUD" name="test_create_blog_post" time="0.371" /><testcase classname="backend.tests.test_admin_api.TestBlogCRUD" name="test_update_blog_post" time="0.359" /><testcase classname="backend.tests.test_admin_api.TestBlogCRUD" name="test_delete_blog_post" time="0.355" /><testcase classname="backend.tests.test_admin_api.TestOrders" name="test_get_orders" time="0.373" /><testcase classname="backend.tests.test_admin_api.TestOrders" name="test_get_order_stats" time="0.356" /><testcase classname="backend.tests.test_admin_api.TestOrders" name="test_create_order" time="0.356" /><testcase classname="backend.tests.test_admin_api.TestOrders" name="test_update_order_status" time="0.364" /><testcase classname="backend.tests.test_admin_api.TestBookings" name="test_get_bookings" time="0.358" /><testcase classname="backend.tests.test_admin_api.TestBookings" name="test_get_available_slots" time="0.358" /><testcase classname="backend.tests.test_admin_api.TestContactMessages" name="test_create_contact_message" time="0.358" /><testcase classname="backend.tests.test_admin_api.TestContactMessages" name="test_get_contact_messages" time="0.356" /></testsuite></testsuites>